Using pre-set license
Built from '2021.3/release' branch; Version is '2021.3.12f1 (8af3c3e441b1) revision 9106371'; Using compiler version '192829333'; Build Type 'Release'
OS: 'Windows 11  (10.0.22000) 64bit Core' Language: 'en' Physical Memory: 16236 MB
BatchMode: 1, IsHumanControllingUs: 0, StartBugReporterOnCrash: 0, Is64bit: 1, IsPro: 1

COMMAND LINE ARGUMENTS:
E:\weird apps\Unity\unity editor\2021.3.12f1\Editor\Unity.exe
-adb2
-batchMode
-noUpm
-name
AssetImportWorker0
-projectPath
E:/andes/CVI/proyectos unity/mapas
-logFile
Logs/AssetImportWorker0.log
-srvPort
55093
Successfully changed project path to: E:/andes/CVI/proyectos unity/mapas
E:/andes/CVI/proyectos unity/mapas
[UnityMemory] Configuration Parameters - Can be set up in boot.config
    "memorysetup-bucket-allocator-granularity=16"
    "memorysetup-bucket-allocator-bucket-count=8"
    "memorysetup-bucket-allocator-block-size=33554432"
    "memorysetup-bucket-allocator-block-count=8"
    "memorysetup-main-allocator-block-size=16777216"
    "memorysetup-thread-allocator-block-size=16777216"
    "memorysetup-gfx-main-allocator-block-size=16777216"
    "memorysetup-gfx-thread-allocator-block-size=16777216"
    "memorysetup-cache-allocator-block-size=4194304"
    "memorysetup-typetree-allocator-block-size=2097152"
    "memorysetup-profiler-bucket-allocator-granularity=16"
    "memorysetup-profiler-bucket-allocator-bucket-count=8"
    "memorysetup-profiler-bucket-allocator-block-size=33554432"
    "memorysetup-profiler-bucket-allocator-block-count=8"
    "memorysetup-profiler-allocator-block-size=16777216"
    "memorysetup-profiler-editor-allocator-block-size=1048576"
    "memorysetup-temp-allocator-size-main=16777216"
    "memorysetup-job-temp-allocator-block-size=2097152"
    "memorysetup-job-temp-allocator-block-size-background=1048576"
    "memorysetup-job-temp-allocator-reduction-small-platforms=262144"
    "memorysetup-temp-allocator-size-background-worker=32768"
    "memorysetup-temp-allocator-size-job-worker=262144"
    "memorysetup-temp-allocator-size-preload-manager=33554432"
    "memorysetup-temp-allocator-size-nav-mesh-worker=65536"
    "memorysetup-temp-allocator-size-audio-worker=65536"
    "memorysetup-temp-allocator-size-cloud-worker=32768"
    "memorysetup-temp-allocator-size-gi-baking-worker=262144"
    "memorysetup-temp-allocator-size-gfx=262144"
Refreshing native plugins compatible for Editor in 91.68 ms, found 3 plugins.
Preloading 0 native plugins for Editor in 0.00 ms.
Initialize engine version: 2021.3.12f1 (8af3c3e441b1)
[Subsystems] Discovering subsystems at path E:/weird apps/Unity/unity editor/2021.3.12f1/Editor/Data/Resources/UnitySubsystems
[Subsystems] Discovering subsystems at path E:/andes/CVI/proyectos unity/mapas/Assets
GfxDevice: creating device client; threaded=0; jobified=0
Direct3D:
    Version:  Direct3D 11.0 [level 11.1]
    Renderer: NVIDIA GeForce RTX 3050 Ti Laptop GPU (ID=0x25e0)
    Vendor:   NVIDIA
    VRAM:     3976 MB
    Driver:   31.0.15.2737
Initialize mono
Mono path[0] = 'E:/weird apps/Unity/unity editor/2021.3.12f1/Editor/Data/Managed'
Mono path[1] = 'E:/weird apps/Unity/unity editor/2021.3.12f1/Editor/Data/MonoBleedingEdge/lib/mono/unityjit-win32'
Mono config path = 'E:/weird apps/Unity/unity editor/2021.3.12f1/Editor/Data/MonoBleedingEdge/etc'
Using monoOptions --debugger-agent=transport=dt_socket,embedding=1,server=y,suspend=n,address=127.0.0.1:56768
Begin MonoManager ReloadAssembly
Registering precompiled unity dll's ...
Register platform support module: E:/weird apps/Unity/unity editor/2021.3.12f1/Editor/Data/PlaybackEngines/WebGLSupport/UnityEditor.WebGL.Extensions.dll
Register platform support module: E:/weird apps/Unity/unity editor/2021.3.12f1/Editor/Data/PlaybackEngines/WindowsStandaloneSupport/UnityEditor.WindowsStandalone.Extensions.dll
Registered in 0.002008 seconds.
Native extension for WindowsStandalone target not found
Native extension for WebGL target not found
Refreshing native plugins compatible for Editor in 97.18 ms, found 3 plugins.
Preloading 0 native plugins for Editor in 0.00 ms.
Mono: successfully reloaded assembly
- Completed reload, in  0.538 seconds
Domain Reload Profiling:
	ReloadAssembly (539ms)
		BeginReloadAssembly (56ms)
			ExecutionOrderSort (0ms)
			DisableScriptedObjects (0ms)
			BackupInstance (0ms)
			ReleaseScriptingObjects (0ms)
			CreateAndSetChildDomain (1ms)
		EndReloadAssembly (399ms)
			LoadAssemblies (55ms)
			RebuildTransferFunctionScriptingTraits (0ms)
			SetupTypeCache (87ms)
			ReleaseScriptCaches (0ms)
			RebuildScriptCaches (23ms)
			SetupLoadedEditorAssemblies (249ms)
				LogAssemblyErrors (0ms)
				InitializePlatformSupportModulesInManaged (7ms)
				SetLoadedEditorAssemblies (0ms)
				RefreshPlugins (97ms)
				BeforeProcessingInitializeOnLoad (1ms)
				ProcessInitializeOnLoadAttributes (106ms)
				ProcessInitializeOnLoadMethodAttributes (37ms)
				AfterProcessingInitializeOnLoad (0ms)
				EditorAssembliesLoaded (0ms)
			ExecutionOrderSort2 (0ms)
			AwakeInstancesAfterBackupRestoration (0ms)
Platform modules already initialized, skipping
Registering precompiled user dll's ...
Registered in 0.004214 seconds.
Begin MonoManager ReloadAssembly
Symbol file LoadedFromMemory doesn't match image E:\andes\CVI\proyectos unity\mapas\Library\PackageCache\com.unity.visualscripting@1.7.8\Editor\VisualScripting.Core\Dependencies\YamlDotNet\Unity.VisualScripting.YamlDotNet.dll
Symbol file LoadedFromMemory doesn't match image E:\andes\CVI\proyectos unity\mapas\Library\PackageCache\com.unity.visualscripting@1.7.8\Editor\VisualScripting.Core\Dependencies\DotNetZip\Unity.VisualScripting.IonicZip.dll
Native extension for WindowsStandalone target not found
Native extension for WebGL target not found
Refreshing native plugins compatible for Editor in 91.79 ms, found 3 plugins.
Preloading 0 native plugins for Editor in 0.00 ms.
Mono: successfully reloaded assembly
- Completed reload, in  1.105 seconds
Domain Reload Profiling:
	ReloadAssembly (1106ms)
		BeginReloadAssembly (95ms)
			ExecutionOrderSort (0ms)
			DisableScriptedObjects (5ms)
			BackupInstance (0ms)
			ReleaseScriptingObjects (0ms)
			CreateAndSetChildDomain (20ms)
		EndReloadAssembly (908ms)
			LoadAssemblies (77ms)
			RebuildTransferFunctionScriptingTraits (0ms)
			SetupTypeCache (267ms)
			ReleaseScriptCaches (1ms)
			RebuildScriptCaches (52ms)
			SetupLoadedEditorAssemblies (476ms)
				LogAssemblyErrors (0ms)
				InitializePlatformSupportModulesInManaged (4ms)
				SetLoadedEditorAssemblies (0ms)
				RefreshPlugins (92ms)
				BeforeProcessingInitializeOnLoad (102ms)
				ProcessInitializeOnLoadAttributes (205ms)
				ProcessInitializeOnLoadMethodAttributes (71ms)
				AfterProcessingInitializeOnLoad (2ms)
				EditorAssembliesLoaded (0ms)
			ExecutionOrderSort2 (0ms)
			AwakeInstancesAfterBackupRestoration (6ms)
Platform modules already initialized, skipping
========================================================================
Worker process is ready to serve import requests
Launched and connected shader compiler UnityShaderCompiler.exe after 1.22 seconds
Refreshing native plugins compatible for Editor in 0.88 ms, found 3 plugins.
Preloading 0 native plugins for Editor in 0.00 ms.
Unloading 5115 Unused Serialized files (Serialized files now loaded: 0)
Unloading 37 unused Assets / (507.9 KB). Loaded Objects now: 5565.
Memory consumption went from 197.9 MB to 197.4 MB.
Total: 3.676400 ms (FindLiveObjects: 0.439900 ms CreateObjectMapping: 0.146900 ms MarkObjects: 2.818800 ms  DeleteObjects: 0.270000 ms)

AssetImportParameters requested are different than current active one (requested -> active):
  custom:video-decoder-ogg-theora: a1e56fd34408186e4bbccfd4996cb3dc -> 
  custom:container-muxer-webm: aa71ff27fc2769a1b78a27578f13a17b -> 
  custom:container-demuxer-webm: 4f35f7cbe854078d1ac9338744f61a02 -> 
  custom:video-encoder-webm-vp8: eb34c28f22e8b96e1ab97ce403110664 -> 
  custom:video-codec-MediaFoundation-h265: 746d11721c4dcdbdad8f713fa42b33f4 -> 
  custom:audio-encoder-webm-vorbis: bf7c407c2cedff20999df2af8eb42d56 -> 
  custom:framework-win-MediaFoundation: 216162199b28c13a410421893ffa2e32 -> 
  custom:container-demuxer-ogg: 62fdf1f143b41e24485cea50d1cbac27 -> 
  custom:video-decoder-webm-vp8: 9c59270c3fd7afecdb556c50c9e8de78 -> 
  custom:audio-decoder-ogg-vorbis: bf7c407c2cedff20999df2af8eb42d56 -> 
========================================================================
Received Import Request.
  Time since last request: 18925.115265 seconds.
  path: Assets/Low Poly Playable Vehicles/Content/Prefabs/Playable Vehicles/Utility.prefab
  artifactKey: Guid(5206b2341adae604982e04a630502d44) Importer(815301076,1909f56bfc062723c751e8b465ee728b)
Start importing Assets/Low Poly Playable Vehicles/Content/Prefabs/Playable Vehicles/Utility.prefab using Guid(5206b2341adae604982e04a630502d44) Importer(815301076,1909f56bfc062723c751e8b465ee728b)  -> (artifact id: '9b1c65e19e83c311de9535bcb20bd615') in 0.118178 seconds 
========================================================================
Received Import Request.
  Time since last request: 0.000022 seconds.
  path: Assets/Low Poly Playable Vehicles/Content/Prefabs/Playable Vehicles/Sedan.prefab
  artifactKey: Guid(1bd4e0ba5608fab449caf9ead511d662) Importer(815301076,1909f56bfc062723c751e8b465ee728b)
Start importing Assets/Low Poly Playable Vehicles/Content/Prefabs/Playable Vehicles/Sedan.prefab using Guid(1bd4e0ba5608fab449caf9ead511d662) Importer(815301076,1909f56bfc062723c751e8b465ee728b)  -> (artifact id: '77fe650f4131e08191e59082be769d1a') in 0.018745 seconds 
========================================================================
Received Import Request.
  Time since last request: 0.000017 seconds.
  path: Assets/Low Poly Playable Vehicles/Content/Prefabs/Playable Vehicles/Sports.prefab
  artifactKey: Guid(4762ddedf9df3b746bed53080c6b9648) Importer(815301076,1909f56bfc062723c751e8b465ee728b)
Start importing Assets/Low Poly Playable Vehicles/Content/Prefabs/Playable Vehicles/Sports.prefab using Guid(4762ddedf9df3b746bed53080c6b9648) Importer(815301076,1909f56bfc062723c751e8b465ee728b)  -> (artifact id: 'ec1583d51b10efb8ff94a723884e52e1') in 0.012615 seconds 
========================================================================
Received Import Request.
  Time since last request: 0.000023 seconds.
  path: Assets/Low Poly Playable Vehicles/Content/Prefabs/Playable Vehicles/Bus.prefab
  artifactKey: Guid(ae82c1d4e45bd3540a4e5d1c432c218e) Importer(815301076,1909f56bfc062723c751e8b465ee728b)
Start importing Assets/Low Poly Playable Vehicles/Content/Prefabs/Playable Vehicles/Bus.prefab using Guid(ae82c1d4e45bd3540a4e5d1c432c218e) Importer(815301076,1909f56bfc062723c751e8b465ee728b)  -> (artifact id: '854b7dd8709fab0ede4c80877eda90e6') in 0.012054 seconds 
========================================================================
Received Import Request.
  Time since last request: 11.221397 seconds.
  path: Assets/Low Poly Playable Vehicles/Content/UI/Arrow.png
  artifactKey: Guid(85b44fef72f06644b88bc59947326396) Importer(815301076,1909f56bfc062723c751e8b465ee728b)
Start importing Assets/Low Poly Playable Vehicles/Content/UI/Arrow.png using Guid(85b44fef72f06644b88bc59947326396) Importer(815301076,1909f56bfc062723c751e8b465ee728b)  -> (artifact id: 'a75e8607d28bd9350efe6c06183263e6') in 0.043505 seconds 
========================================================================
Received Import Request.
  Time since last request: 20.287934 seconds.
  path: Assets/amogus.jpg
  artifactKey: Guid(6d759bc8b1545714e83293c9155e76b1) Importer(815301076,1909f56bfc062723c751e8b465ee728b)
Start importing Assets/amogus.jpg using Guid(6d759bc8b1545714e83293c9155e76b1) Importer(815301076,1909f56bfc062723c751e8b465ee728b)  -> (artifact id: '5dd267db4aa78ec70455c8ccb45779ed') in 0.008561 seconds 
========================================================================
Received Import Request.
  Time since last request: 0.000026 seconds.
  path: Assets/NewMaterial.mat
  artifactKey: Guid(65938832b45116849befc25b0ba1e149) Importer(815301076,1909f56bfc062723c751e8b465ee728b)
Start importing Assets/NewMaterial.mat using Guid(65938832b45116849befc25b0ba1e149) Importer(815301076,1909f56bfc062723c751e8b465ee728b)  -> (artifact id: '091f48ad7589bb3a014dc801ba1cbfc0') in 0.020546 seconds 
